{"/Users/siddharthpukhrajlakhara/learn_node/asynchIO.js": {"path":"/Users/siddharthpukhrajlakhara/learn_node/asynchIO.js","statementMap":{"0":{"start":{"line":1,"column":11},"end":{"line":1,"column":24}},"1":{"start":{"line":7,"column":1},"end":{"line":18,"column":4}},"2":{"start":{"line":8,"column":2},"end":{"line":17,"column":3}},"3":{"start":{"line":9,"column":3},"end":{"line":9,"column":29}},"4":{"start":{"line":14,"column":3},"end":{"line":14,"column":50}},"5":{"start":{"line":15,"column":3},"end":{"line":15,"column":22}},"6":{"start":{"line":16,"column":3},"end":{"line":16,"column":32}},"7":{"start":{"line":21,"column":0},"end":{"line":21,"column":27}}},"fnMap":{"0":{"name":"calcLines","decl":{"start":{"line":4,"column":9},"end":{"line":4,"column":18}},"loc":{"start":{"line":4,"column":38},"end":{"line":19,"column":1}},"line":4},"1":{"name":"(anonymous_1)","decl":{"start":{"line":7,"column":23},"end":{"line":7,"column":24}},"loc":{"start":{"line":7,"column":36},"end":{"line":18,"column":2}},"line":7}},"branchMap":{"0":{"loc":{"start":{"line":8,"column":2},"end":{"line":17,"column":3}},"type":"if","locations":[{"start":{"line":8,"column":2},"end":{"line":17,"column":3}},{"start":{"line":8,"column":2},"end":{"line":17,"column":3}}],"line":8}},"s":{"0":1,"1":5,"2":0,"3":0,"4":0,"5":0,"6":0,"7":1},"f":{"0":5,"1":0},"b":{"0":[0,0]},"_coverageSchema":"332fd63041d2c1bcb487cc26dd0d5f7d97098a6c","hash":"1d71d1b9482838e05c10b945e58f724ee90d85e4"}
,"/Users/siddharthpukhrajlakhara/learn_node/node2.js": {"path":"/Users/siddharthpukhrajlakhara/learn_node/node2.js","statementMap":{"0":{"start":{"line":4,"column":1},"end":{"line":12,"column":2}},"1":{"start":{"line":5,"column":12},"end":{"line":7,"column":36}},"2":{"start":{"line":6,"column":15},"end":{"line":6,"column":27}},"3":{"start":{"line":7,"column":24},"end":{"line":7,"column":33}},"4":{"start":{"line":8,"column":2},"end":{"line":8,"column":13}},"5":{"start":{"line":11,"column":2},"end":{"line":11,"column":40}},"6":{"start":{"line":16,"column":1},"end":{"line":19,"column":2}},"7":{"start":{"line":17,"column":2},"end":{"line":18,"column":16}},"8":{"start":{"line":18,"column":3},"end":{"line":18,"column":16}},"9":{"start":{"line":20,"column":1},"end":{"line":20,"column":13}},"10":{"start":{"line":24,"column":0},"end":{"line":24,"column":21}}},"fnMap":{"0":{"name":"add","decl":{"start":{"line":3,"column":9},"end":{"line":3,"column":12}},"loc":{"start":{"line":3,"column":22},"end":{"line":13,"column":1}},"line":3},"1":{"name":"(anonymous_1)","decl":{"start":{"line":6,"column":7},"end":{"line":6,"column":8}},"loc":{"start":{"line":6,"column":15},"end":{"line":6,"column":27}},"line":6},"2":{"name":"(anonymous_2)","decl":{"start":{"line":7,"column":10},"end":{"line":7,"column":11}},"loc":{"start":{"line":7,"column":24},"end":{"line":7,"column":33}},"line":7},"3":{"name":"isValid","decl":{"start":{"line":15,"column":9},"end":{"line":15,"column":16}},"loc":{"start":{"line":15,"column":26},"end":{"line":22,"column":1}},"line":15}},"branchMap":{"0":{"loc":{"start":{"line":4,"column":1},"end":{"line":12,"column":2}},"type":"if","locations":[{"start":{"line":4,"column":1},"end":{"line":12,"column":2}},{"start":{"line":4,"column":1},"end":{"line":12,"column":2}}],"line":4},"1":{"loc":{"start":{"line":17,"column":2},"end":{"line":18,"column":16}},"type":"if","locations":[{"start":{"line":17,"column":2},"end":{"line":18,"column":16}},{"start":{"line":17,"column":2},"end":{"line":18,"column":16}}],"line":17}},"s":{"0":5,"1":2,"2":4,"3":4,"4":2,"5":3,"6":5,"7":7,"8":3,"9":2,"10":1},"f":{"0":5,"1":4,"2":4,"3":5},"b":{"0":[2,3],"1":[3,4]},"_coverageSchema":"332fd63041d2c1bcb487cc26dd0d5f7d97098a6c","hash":"8d72c5c4485fca063f9b4cda349bdf97a668b27e"}
,"/Users/siddharthpukhrajlakhara/learn_node/synchIO.js": {"path":"/Users/siddharthpukhrajlakhara/learn_node/synchIO.js","statementMap":{"0":{"start":{"line":1,"column":11},"end":{"line":1,"column":24}},"1":{"start":{"line":5,"column":1},"end":{"line":6,"column":47}},"2":{"start":{"line":6,"column":2},"end":{"line":6,"column":47}},"3":{"start":{"line":7,"column":11},"end":{"line":7,"column":36}},"4":{"start":{"line":8,"column":12},"end":{"line":8,"column":26}},"5":{"start":{"line":9,"column":17},"end":{"line":9,"column":33}},"6":{"start":{"line":10,"column":14},"end":{"line":10,"column":34}},"7":{"start":{"line":11,"column":1},"end":{"line":11,"column":15}},"8":{"start":{"line":15,"column":0},"end":{"line":15,"column":27}}},"fnMap":{"0":{"name":"calcLines","decl":{"start":{"line":4,"column":9},"end":{"line":4,"column":18}},"loc":{"start":{"line":4,"column":28},"end":{"line":12,"column":1}},"line":4}},"branchMap":{"0":{"loc":{"start":{"line":5,"column":1},"end":{"line":6,"column":47}},"type":"if","locations":[{"start":{"line":5,"column":1},"end":{"line":6,"column":47}},{"start":{"line":5,"column":1},"end":{"line":6,"column":47}}],"line":5}},"s":{"0":1,"1":5,"2":2,"3":3,"4":2,"5":2,"6":2,"7":2,"8":1},"f":{"0":5},"b":{"0":[2,3]},"_coverageSchema":"332fd63041d2c1bcb487cc26dd0d5f7d97098a6c","hash":"0849fc694d5d4f641b3842afebf6f8c43ba10a90"}
}
