TN:
SF:/Users/siddharthpukhrajlakhara/learn_node/asynchIO.js
FN:4,calcLines
FN:7,(anonymous_1)
FNF:2
FNH:1
FNDA:5,calcLines
FNDA:0,(anonymous_1)
DA:1,1
DA:7,5
DA:8,0
DA:9,0
DA:14,0
DA:15,0
DA:16,0
DA:21,1
LF:8
LH:3
BRDA:8,0,0,0
BRDA:8,0,1,0
BRF:2
BRH:0
end_of_record
TN:
SF:/Users/siddharthpukhrajlakhara/learn_node/node2.js
FN:3,add
FN:6,(anonymous_1)
FN:7,(anonymous_2)
FN:15,isValid
FNF:4
FNH:4
FNDA:5,add
FNDA:4,(anonymous_1)
FNDA:4,(anonymous_2)
FNDA:5,isValid
DA:4,5
DA:5,2
DA:6,4
DA:7,4
DA:8,2
DA:11,3
DA:16,5
DA:17,7
DA:18,3
DA:20,2
DA:24,1
LF:11
LH:11
BRDA:4,0,0,2
BRDA:4,0,1,3
BRDA:17,1,0,3
BRDA:17,1,1,4
BRF:4
BRH:4
end_of_record
TN:
SF:/Users/siddharthpukhrajlakhara/learn_node/synchIO.js
FN:4,calcLines
FNF:1
FNH:1
FNDA:5,calcLines
DA:1,1
DA:5,5
DA:6,2
DA:7,3
DA:8,2
DA:9,2
DA:10,2
DA:11,2
DA:15,1
LF:9
LH:9
BRDA:5,0,0,2
BRDA:5,0,1,3
BRF:2
BRH:2
end_of_record
